2020-01-28T17:23:26.875Z [info] [app/serializers/business-image.js]: SUCCESS
2020-01-28T17:23:26.895Z [info] [app/components/scoop/list-row/component.js]: SUCCESS
2020-01-28T17:23:26.954Z [info] [app/app.js]: SUCCESS
2020-01-28T17:23:27.025Z [warn] [app/breakpoints.js]: SKIPPED Could not find runtime data NO_RUNTIME_DATA
2020-01-28T17:23:27.130Z [info] [app/router.js]: SUCCESS
2020-01-28T17:23:27.210Z [warn] [app/config/environment.d.ts]: SKIPPED Could not find runtime data NO_RUNTIME_DATA
2020-01-28T17:23:27.310Z [info] [app/controllers/application.js]: SUCCESS
2020-01-28T17:23:27.350Z [info] [app/controllers/login.js]: SUCCESS
2020-01-28T17:23:27.378Z [info] [app/controllers/authenticated.js]: SUCCESS
2020-01-28T17:23:27.429Z [info] [app/helpers/peek-record-from-id.js]: SUCCESS
2020-01-28T17:23:27.459Z [warn] [app/helpers/truncate-text.js]: SKIPPED Could not find runtime data NO_RUNTIME_DATA
2020-01-28T17:23:27.476Z [warn] [app/helpers/remove-falsy.js]: SKIPPED Could not find runtime data NO_RUNTIME_DATA
2020-01-28T17:23:27.497Z [info] [app/models/business-image.js]: SUCCESS
2020-01-28T17:23:27.507Z [warn] [app/initializers/ember-responsive.js]: SKIPPED Could not find runtime data NO_RUNTIME_DATA
2020-01-28T17:23:27.524Z [info] [app/models/category.js]: SUCCESS
2020-01-28T17:23:27.580Z [info] [app/models/location.js]: SUCCESS
2020-01-28T17:23:27.655Z [info] [app/models/business.js]: SUCCESS
2020-01-28T17:23:27.759Z [info] [app/models/impression-tracker.js]: SUCCESS
2020-01-28T17:23:27.795Z [info] [app/models/profile-image.js]: SUCCESS
2020-01-28T17:23:27.812Z [info] [app/models/operating-hour.js]: SUCCESS
2020-01-28T17:23:27.829Z [info] [app/models/region.js]: SUCCESS
2020-01-28T17:23:27.856Z [info] [app/models/scoop.js]: SUCCESS
2020-01-28T17:23:27.905Z [info] [app/models/user.js]: SUCCESS
2020-01-28T17:23:27.946Z [info] [app/permissions/application.js]: SUCCESS
2020-01-28T17:23:27.959Z [info] [app/routes/application.js]: SUCCESS
2020-01-28T17:23:27.985Z [info] [app/routes/authenticated.js]: SUCCESS
2020-01-28T17:23:28.009Z [info] [app/routes/login.js]: SUCCESS
2020-01-28T17:23:26.905Z [info] [app/routes/styleguide.js]: SUCCESS
2020-01-28T17:23:27.094Z [info] [app/services/uploader.js]: SUCCESS
2020-01-28T17:23:27.196Z [warn] [app/tailwind/config.js]: SKIPPED Could not find runtime data NO_RUNTIME_DATA
2020-01-28T17:23:27.208Z [info] [app/session-stores/application.js]: SUCCESS
2020-01-28T17:23:27.219Z [info] [app/components/dig-errors-list/component.js]: SUCCESS
2020-01-28T17:23:27.429Z [warn] [app/components/dig-image-uploader/component.js]: FAILURE 
Validation errors: 
	[uploadTasks]: Transform not supported - need option '--decorators=true' or the property type CallExpression can not be transformed
	[uploadImageTask]: Transform not supported - value has modifiers like 'property' or 'meta'
2020-01-28T17:23:27.448Z [info] [app/components/header/component.js]: SUCCESS
2020-01-28T17:23:27.469Z [info] [app/components/editable-avatar/component.js]: SUCCESS
2020-01-28T17:23:27.630Z [warn] [app/components/firebase-uploader/component.js]: FAILURE 
Validation errors: 
	[uploadTasks]: Transform not supported - need option '--decorators=true' or the property type CallExpression can not be transformed
	[uploadStatuses]: Transform not supported - need option '--decorators=true' or the property type CallExpression can not be transformed
2020-01-28T17:23:27.688Z [warn] [app/components/login/component.js]: FAILURE 
Validation errors: 
	[submit]: Transform not supported - action name matches one of the lifecycle hooks. Rename and try again. See https://github.com/scalvert/ember-native-class-codemod/issues/34 for more details
2020-01-28T17:23:27.695Z [warn] [app/models/mixins/trackable.js]: SKIPPED Could not find runtime data NO_RUNTIME_DATA
2020-01-28T17:23:27.713Z [info] [app/routes/authenticated/index.js]: SUCCESS
2020-01-28T17:23:27.723Z [warn] [app/routes/authenticated/site-settings.js]: FAILURE 
Validation errors: 
	[breadCrumb]: Transform not supported - need option '--decorators=true' or the property type CallExpression can not be transformed
	[breadCrumb]: Transform not supported - value has modifiers like 'property' or 'meta'
2020-01-28T17:23:27.749Z [info] [app/components/analytics/table-header/component.js]: SUCCESS
2020-01-28T17:23:27.759Z [info] [app/components/analytics/table-row/component.js]: SUCCESS
2020-01-28T17:23:27.819Z [info] [app/components/business/details-form/component.js]: SUCCESS
2020-01-28T17:23:27.868Z [info] [app/components/business/social-form/component.js]: SUCCESS
2020-01-28T17:23:27.926Z [info] [app/components/category/details-form/component.js]: SUCCESS
2020-01-28T17:23:27.950Z [info] [app/components/dig-errors-list/error-item/component.js]: SUCCESS
2020-01-28T17:23:27.993Z [info] [app/components/location/create/component.js]: SUCCESS
2020-01-28T17:23:28.035Z [info] [app/components/location/form/component.js]: SUCCESS
2020-01-28T17:23:27.042Z [info] [app/components/scoop/details-form/component.js]: SUCCESS
2020-01-28T17:23:27.142Z [info] [app/components/user/details-form/component.js]: SUCCESS
2020-01-28T17:23:27.177Z [info] [app/components/user/list-row/component.js]: SUCCESS
2020-01-28T17:23:27.274Z [warn] [app/controllers/authenticated/scoops/index.js]: FAILURE 
Validation errors: 
	[sortMenuOptions]: Transform not supported - need option '--decorators=true' or the property type CallExpression can not be transformed
	[sortMenuOptions]: Transform not supported - value has modifiers like 'property' or 'meta'
2020-01-28T17:23:27.362Z [warn] [app/controllers/authenticated/businesses/index.js]: FAILURE 
Validation errors: 
	[sortMenuOptions]: Transform not supported - need option '--decorators=true' or the property type CallExpression can not be transformed
	[sortMenuOptions]: Transform not supported - value has modifiers like 'property' or 'meta'
2020-01-28T17:23:27.417Z [info] [app/controllers/authenticated/analytics/index.js]: SUCCESS
2020-01-28T17:23:27.471Z [warn] [app/controllers/authenticated/users/index.js]: FAILURE 
Validation errors: 
	[sortMenuOptions]: Transform not supported - need option '--decorators=true' or the property type CallExpression can not be transformed
	[sortMenuOptions]: Transform not supported - value has modifiers like 'property' or 'meta'
2020-01-28T17:23:27.515Z [warn] [app/routes/authenticated/analytics/index.js]: FAILURE 
Validation errors: 
	[breadCrumb]: Transform not supported - need option '--decorators=true' or the property type CallExpression can not be transformed
	[breadCrumb]: Transform not supported - value has modifiers like 'property' or 'meta'
2020-01-28T17:23:27.630Z [warn] [app/routes/authenticated/businesses/index.js]: FAILURE 
Validation errors: 
	[breadCrumb]: Transform not supported - need option '--decorators=true' or the property type CallExpression can not be transformed
	[breadCrumb]: Transform not supported - value has modifiers like 'property' or 'meta'
2020-01-28T17:23:27.664Z [info] [app/routes/authenticated/businesses/view.js]: SUCCESS
2020-01-28T17:23:27.702Z [warn] [app/routes/authenticated/scoops/index.js]: FAILURE 
Validation errors: 
	[breadCrumb]: Transform not supported - need option '--decorators=true' or the property type CallExpression can not be transformed
	[breadCrumb]: Transform not supported - value has modifiers like 'property' or 'meta'
2020-01-28T17:23:27.730Z [info] [app/routes/authenticated/scoops/new.js]: SUCCESS
2020-01-28T17:23:27.763Z [info] [app/routes/authenticated/scoops/view.js]: SUCCESS
2020-01-28T17:23:27.802Z [warn] [app/routes/authenticated/users/index.js]: FAILURE 
Validation errors: 
	[breadCrumb]: Transform not supported - need option '--decorators=true' or the property type CallExpression can not be transformed
	[breadCrumb]: Transform not supported - value has modifiers like 'property' or 'meta'
2020-01-28T17:23:27.817Z [info] [app/routes/authenticated/users/view.js]: SUCCESS
2020-01-28T17:23:27.871Z [info] [app/controllers/authenticated/businesses/view/photos.js]: SUCCESS
2020-01-28T17:23:27.894Z [info] [app/components/business/owner/list-row/component.js]: SUCCESS
2020-01-28T17:23:27.915Z [info] [app/controllers/authenticated/site-settings/categories/index.js]: SUCCESS
2020-01-28T17:23:27.960Z [info] [app/routes/authenticated/businesses/view/locations.js]: SUCCESS
2020-01-28T17:23:28.011Z [info] [app/controllers/authenticated/businesses/view/users.js]: SUCCESS
2020-01-28T17:23:28.050Z [info] [app/routes/authenticated/businesses/view/photos.js]: SUCCESS
2020-01-28T17:23:28.076Z [warn] [app/routes/authenticated/businesses/view/scoops.js]: FAILURE 
Validation errors: 
	[breadCrumb]: Transform not supported - need option '--decorators=true' or the property type CallExpression can not be transformed
	[breadCrumb]: Transform not supported - value has modifiers like 'property' or 'meta'
2020-01-28T17:23:28.094Z [warn] [app/routes/authenticated/site-settings/categories/index.js]: FAILURE 
Validation errors: 
	[breadCrumb]: Transform not supported - need option '--decorators=true' or the property type CallExpression can not be transformed
	[breadCrumb]: Transform not supported - value has modifiers like 'property' or 'meta'
2020-01-28T17:23:28.113Z [info] [app/routes/authenticated/businesses/view/users.js]: SUCCESS
2020-01-28T17:23:28.146Z [info] [app/routes/authenticated/site-settings/categories/new.js]: SUCCESS
2020-01-28T17:23:28.180Z [info] [app/routes/authenticated/site-settings/categories/view.js]: SUCCESS
2020-01-28T17:23:28.071Z [warn] [app/components/photo/grid/component.js]: FAILURE 
Validation errors: 
	[dragEnd]: Transform not supported - action name matches one of the lifecycle hooks. Rename and try again. See https://github.com/scalvert/ember-native-class-codemod/issues/34 for more details
2020-01-28T17:23:28.078Z [info] [app/components/photo/upload-modal/component.js]: SUCCESS
2020-01-28T17:23:28.193Z [warn] [app/tailwind/tailwind-base.js]: SKIPPED Could not find runtime data NO_RUNTIME_DATA
2020-01-28T17:23:28.371Z [info] [app/services/permissions.js]: SUCCESS
